<?xml version="1.0" encoding="UTF-8"?>
<!-- Generated by org.testng.reporters.JUnitXMLReporter -->
<testsuite hostname="SIDCD158" name="Default test" tests="5" failures="0" timestamp="10 Sep 2016 14:07:21 GMT" time="504.182" errors="0">
  <testcase name="testSafeguard34" time="49.552" classname="SG_Scenario_Component.Scenario_SG"/>
  <testcase name="testSafeguard35" time="71.267" classname="SG_Scenario_Component.Scenario_SG"/>
  <testcase name="testSafeguard36" time="71.994" classname="SG_Scenario_Component.Scenario_SG"/>
  <testcase name="testSafeguard37" time="165.466" classname="SG_Scenario_Component.Scenario_SG"/>
  <testcase name="testSafeguard38" time="145.878" classname="SG_Scenario_Component.Scenario_SG"/>
</testsuite> <!-- Default test -->
