<?xml version="1.0" encoding="UTF-8"?>
<testng-results skipped="0" failed="0" total="5" passed="5">
  <reporter-output>
  </reporter-output>
  <suite name="Default suite" duration-ms="504182" started-at="2016-09-10T13:58:57Z" finished-at="2016-09-10T14:07:21Z">
    <groups>
    </groups>
    <test name="Default test" duration-ms="504182" started-at="2016-09-10T13:58:57Z" finished-at="2016-09-10T14:07:21Z">
      <class name="SG_Scenario_Component.Scenario_SG">
        <test-method status="PASS" signature="testSafeguard34()[pri:0, instance:SG_Scenario_Component.Scenario_SG@6c49835d]" name="testSafeguard34" duration-ms="49552" started-at="2016-09-10T19:28:57Z" finished-at="2016-09-10T19:29:46Z">
          <reporter-output>
          </reporter-output>
        </test-method> <!-- testSafeguard34 -->
        <test-method status="PASS" signature="testSafeguard35()[pri:0, instance:SG_Scenario_Component.Scenario_SG@6c49835d]" name="testSafeguard35" duration-ms="71267" started-at="2016-09-10T19:29:46Z" finished-at="2016-09-10T19:30:58Z">
          <reporter-output>
          </reporter-output>
        </test-method> <!-- testSafeguard35 -->
        <test-method status="PASS" signature="testSafeguard36()[pri:0, instance:SG_Scenario_Component.Scenario_SG@6c49835d]" name="testSafeguard36" duration-ms="71994" started-at="2016-09-10T19:30:58Z" finished-at="2016-09-10T19:32:10Z">
          <reporter-output>
          </reporter-output>
        </test-method> <!-- testSafeguard36 -->
        <test-method status="PASS" signature="testSafeguard37()[pri:0, instance:SG_Scenario_Component.Scenario_SG@6c49835d]" name="testSafeguard37" duration-ms="165466" started-at="2016-09-10T19:32:10Z" finished-at="2016-09-10T19:34:55Z">
          <reporter-output>
          </reporter-output>
        </test-method> <!-- testSafeguard37 -->
        <test-method status="PASS" signature="testSafeguard38()[pri:0, instance:SG_Scenario_Component.Scenario_SG@6c49835d]" name="testSafeguard38" duration-ms="145878" started-at="2016-09-10T19:34:55Z" finished-at="2016-09-10T19:37:21Z">
          <reporter-output>
          </reporter-output>
        </test-method> <!-- testSafeguard38 -->
      </class> <!-- SG_Scenario_Component.Scenario_SG -->
    </test> <!-- Default test -->
  </suite> <!-- Default suite -->
</testng-results>
